c:\users\eeltb01\documents\visual studio 2015\projects\hm_machine\hm_machine\debug\hm_machine.pch
c:\users\eeltb01\documents\visual studio 2015\projects\hm_machine\hm_machine\debug\vc140.pdb
c:\users\eeltb01\documents\visual studio 2015\projects\hm_machine\hm_machine\debug\vc140.idb
c:\users\eeltb01\documents\visual studio 2015\projects\hm_machine\hm_machine\debug\stdafx.obj
c:\users\eeltb01\documents\visual studio 2015\projects\hm_machine\hm_machine\debug\login.obj
c:\users\eeltb01\documents\visual studio 2015\projects\hm_machine\hm_machine\debug\compiler.obj
c:\users\eeltb01\documents\visual studio 2015\projects\hm_machine\hm_machine\debug\hm_database.obj
c:\users\eeltb01\documents\visual studio 2015\projects\hm_machine\hm_machine\debug\hm_machine.obj
c:\users\eeltb01\documents\visual studio 2015\projects\hm_machine\hm_machine\debug\hm_machinedoc.obj
c:\users\eeltb01\documents\visual studio 2015\projects\hm_machine\hm_machine\debug\hm_machineview.obj
c:\users\eeltb01\documents\visual studio 2015\projects\hm_machine\hm_machine\debug\main.obj
c:\users\eeltb01\documents\visual studio 2015\projects\hm_machine\hm_machine\debug\mainfrm.obj
c:\users\eeltb01\documents\visual studio 2015\projects\hm_machine\hm_machine\debug\administration.obj
c:\users\eeltb01\documents\visual studio 2015\projects\hm_machine\hm_machine\debug\movebutton.obj
c:\users\eeltb01\documents\visual studio 2015\projects\hm_machine\hm_machine\debug\parameter.obj
c:\users\eeltb01\documents\visual studio 2015\projects\hm_machine\debug\hm_machine.ilk
c:\users\eeltb01\documents\visual studio 2015\projects\hm_machine\debug\hm_machine.exe
c:\users\eeltb01\documents\visual studio 2015\projects\hm_machine\debug\hm_machine.pdb
c:\users\eeltb01\documents\visual studio 2015\projects\hm_machine\hm_machine\debug\hm_machine.res
c:\users\eeltb01\documents\visual studio 2015\projects\hm_machine\hm_machine\debug\hm_machine.tlog\cl.command.1.tlog
c:\users\eeltb01\documents\visual studio 2015\projects\hm_machine\hm_machine\debug\hm_machine.tlog\cl.read.1.tlog
c:\users\eeltb01\documents\visual studio 2015\projects\hm_machine\hm_machine\debug\hm_machine.tlog\cl.write.1.tlog
c:\users\eeltb01\documents\visual studio 2015\projects\hm_machine\hm_machine\debug\hm_machine.tlog\link.command.1.tlog
c:\users\eeltb01\documents\visual studio 2015\projects\hm_machine\hm_machine\debug\hm_machine.tlog\link.read.1.tlog
c:\users\eeltb01\documents\visual studio 2015\projects\hm_machine\hm_machine\debug\hm_machine.tlog\link.write.1.tlog
c:\users\eeltb01\documents\visual studio 2015\projects\hm_machine\hm_machine\debug\hm_machine.tlog\rc.command.1.tlog
c:\users\eeltb01\documents\visual studio 2015\projects\hm_machine\hm_machine\debug\hm_machine.tlog\rc.read.1.tlog
c:\users\eeltb01\documents\visual studio 2015\projects\hm_machine\hm_machine\debug\hm_machine.tlog\rc.write.1.tlog
