  stdafx.cpp
  BtnST.cpp
BtnST.cpp(19): warning C4005: 'BS_TYPEMASK': 巨集重複定義
  C:\Program Files (x86)\Microsoft SDKs\Windows\v7.1A\include\winuser.h(9459): note: 請參閱 'BS_TYPEMASK' 之前的定義
  History.cpp
  IOState.cpp
IOState.cpp(124): warning C4018: '<': signed/unsigned 不相符
IOState.cpp(142): warning C4018: '<': signed/unsigned 不相符
IOState.cpp(148): warning C4018: '<': signed/unsigned 不相符
IOState.cpp(157): warning C4018: '<': signed/unsigned 不相符
IOState.cpp(276): warning C4018: '<=': signed/unsigned 不相符
IOState.cpp(278): warning C4018: '<=': signed/unsigned 不相符
IOState.cpp(293): warning C4018: '<=': signed/unsigned 不相符
IOState.cpp(295): warning C4018: '<=': signed/unsigned 不相符
IOState.cpp(318): warning C4018: '<=': signed/unsigned 不相符
IOState.cpp(320): warning C4018: '<=': signed/unsigned 不相符
  Login.cpp
  Compiler.cpp
  HM_Database.cpp
  HM_Machine.cpp
  HM_MachineDoc.cpp
  HM_MachineView.cpp
  Main.cpp
  MainFrm.cpp
  Administration.cpp
  MoveButton.cpp
  Parameter.cpp
Parameter.cpp(378): warning C4018: '<=': signed/unsigned 不相符
  SkinFrameWnd.cpp
SkinFrameWnd.cpp(65): warning C4244: '=': 將 'int' 轉換為 'Gdiplus::REAL'，由於類型不同，可能導致資料遺失
SkinFrameWnd.cpp(66): warning C4244: '=': 將 'int' 轉換為 'Gdiplus::REAL'，由於類型不同，可能導致資料遺失
SkinFrameWnd.cpp(67): warning C4244: '=': 將 'int' 轉換為 'Gdiplus::REAL'，由於類型不同，可能導致資料遺失
SkinFrameWnd.cpp(68): warning C4244: '引數': 將 'int' 轉換為 'Gdiplus::REAL'，由於類型不同，可能導致資料遺失
SkinFrameWnd.cpp(68): warning C4244: '引數': 將 'UINT' 轉換為 'Gdiplus::REAL'，由於類型不同，可能導致資料遺失
SkinFrameWnd.cpp(70): warning C4244: '=': 將 'LONG' 轉換為 'Gdiplus::REAL'，由於類型不同，可能導致資料遺失
SkinFrameWnd.cpp(71): warning C4244: '=': 將 'LONG' 轉換為 'Gdiplus::REAL'，由於類型不同，可能導致資料遺失
SkinFrameWnd.cpp(72): warning C4244: '=': 將 'int' 轉換為 'Gdiplus::REAL'，由於類型不同，可能導致資料遺失
SkinFrameWnd.cpp(73): warning C4244: '=': 將 'int' 轉換為 'Gdiplus::REAL'，由於類型不同，可能導致資料遺失
SkinFrameWnd.cpp(74): warning C4244: '引數': 將 'int' 轉換為 'Gdiplus::REAL'，由於類型不同，可能導致資料遺失
SkinFrameWnd.cpp(74): warning C4244: '引數': 將 'UINT' 轉換為 'Gdiplus::REAL'，由於類型不同，可能導致資料遺失
SkinFrameWnd.cpp(77): warning C4244: '=': 將 'int' 轉換為 'Gdiplus::REAL'，由於類型不同，可能導致資料遺失
SkinFrameWnd.cpp(78): warning C4244: '=': 將 'int' 轉換為 'Gdiplus::REAL'，由於類型不同，可能導致資料遺失
SkinFrameWnd.cpp(79): warning C4244: '=': 將 'int' 轉換為 'Gdiplus::REAL'，由於類型不同，可能導致資料遺失
SkinFrameWnd.cpp(80): warning C4244: '引數': 將 'int' 轉換為 'Gdiplus::REAL'，由於類型不同，可能導致資料遺失
SkinFrameWnd.cpp(80): warning C4244: '引數': 將 'UINT' 轉換為 'Gdiplus::REAL'，由於類型不同，可能導致資料遺失
SkinFrameWnd.cpp(84): warning C4244: '=': 將 'int' 轉換為 'Gdiplus::REAL'，由於類型不同，可能導致資料遺失
SkinFrameWnd.cpp(85): warning C4244: '=': 將 'int' 轉換為 'Gdiplus::REAL'，由於類型不同，可能導致資料遺失
SkinFrameWnd.cpp(86): warning C4244: '=': 將 'int' 轉換為 'Gdiplus::REAL'，由於類型不同，可能導致資料遺失
SkinFrameWnd.cpp(87): warning C4244: '引數': 將 'int' 轉換為 'Gdiplus::REAL'，由於類型不同，可能導致資料遺失
SkinFrameWnd.cpp(91): warning C4244: '=': 將 'int' 轉換為 'Gdiplus::REAL'，由於類型不同，可能導致資料遺失
SkinFrameWnd.cpp(92): warning C4244: '=': 將 'int' 轉換為 'Gdiplus::REAL'，由於類型不同，可能導致資料遺失
SkinFrameWnd.cpp(93): warning C4244: '=': 將 'int' 轉換為 'Gdiplus::REAL'，由於類型不同，可能導致資料遺失
SkinFrameWnd.cpp(94): warning C4244: '=': 將 'int' 轉換為 'Gdiplus::REAL'，由於類型不同，可能導致資料遺失
SkinFrameWnd.cpp(95): warning C4244: '引數': 將 'int' 轉換為 'Gdiplus::REAL'，由於類型不同，可能導致資料遺失
SkinFrameWnd.cpp(95): warning C4244: '引數': 將 'UINT' 轉換為 'Gdiplus::REAL'，由於類型不同，可能導致資料遺失
SkinFrameWnd.cpp(100): warning C4244: '=': 將 'int' 轉換為 'Gdiplus::REAL'，由於類型不同，可能導致資料遺失
SkinFrameWnd.cpp(101): warning C4244: '=': 將 'int' 轉換為 'Gdiplus::REAL'，由於類型不同，可能導致資料遺失
SkinFrameWnd.cpp(102): warning C4244: '引數': 將 'int' 轉換為 'Gdiplus::REAL'，由於類型不同，可能導致資料遺失
SkinFrameWnd.cpp(217): warning C4244: '=': 將 'double' 轉換為 'LONG'，由於類型不同，可能導致資料遺失
SkinFrameWnd.cpp(218): warning C4244: '=': 將 'double' 轉換為 'LONG'，由於類型不同，可能導致資料遺失
SkinFrameWnd.cpp(221): warning C4244: '=': 將 'double' 轉換為 'LONG'，由於類型不同，可能導致資料遺失
SkinFrameWnd.cpp(222): warning C4244: '=': 將 'double' 轉換為 'LONG'，由於類型不同，可能導致資料遺失
  SkinManager.cpp
  BtnST.obj : 找到 MSIL .netmodule 或以 /GL 編譯的模組。請以 /LTCG 重新啟動連結，將 /LTCG 加入連結命令列以提升連結器效能
  正在產生程式碼
  已完成程式碼產生
  HM_Machine.vcxproj -> C:\Users\eeltb01\Documents\Visual Studio 2015\Projects\HM_Machine\Release\HM_Machine.exe
