c:\users\eeltb01\documents\visual studio 2015\projects\hm_machine\hm_machine\release\vc140.pdb
c:\users\eeltb01\documents\visual studio 2015\projects\hm_machine\hm_machine\release\parameter.obj
c:\users\eeltb01\documents\visual studio 2015\projects\hm_machine\hm_machine\release\movebutton.obj
c:\users\eeltb01\documents\visual studio 2015\projects\hm_machine\hm_machine\release\administration.obj
c:\users\eeltb01\documents\visual studio 2015\projects\hm_machine\hm_machine\release\mainfrm.obj
c:\users\eeltb01\documents\visual studio 2015\projects\hm_machine\hm_machine\release\main.obj
c:\users\eeltb01\documents\visual studio 2015\projects\hm_machine\hm_machine\release\hm_machineview.obj
c:\users\eeltb01\documents\visual studio 2015\projects\hm_machine\hm_machine\release\hm_machinedoc.obj
c:\users\eeltb01\documents\visual studio 2015\projects\hm_machine\hm_machine\release\hm_machine.obj
c:\users\eeltb01\documents\visual studio 2015\projects\hm_machine\hm_machine\release\hm_database.obj
c:\users\eeltb01\documents\visual studio 2015\projects\hm_machine\hm_machine\release\compiler.obj
c:\users\eeltb01\documents\visual studio 2015\projects\hm_machine\hm_machine\release\login.obj
c:\users\eeltb01\documents\visual studio 2015\projects\hm_machine\hm_machine\release\hm_machine.pch
c:\users\eeltb01\documents\visual studio 2015\projects\hm_machine\hm_machine\release\stdafx.obj
c:\users\eeltb01\documents\visual studio 2015\projects\hm_machine\hm_machine\release\skinmanager.obj
c:\users\eeltb01\documents\visual studio 2015\projects\hm_machine\hm_machine\release\skinframewnd.obj
c:\users\eeltb01\documents\visual studio 2015\projects\hm_machine\hm_machine\release\iostate.obj
c:\users\eeltb01\documents\visual studio 2015\projects\hm_machine\release\hm_machine.exe
c:\users\eeltb01\documents\visual studio 2015\projects\hm_machine\release\hm_machine.pdb
c:\users\eeltb01\documents\visual studio 2015\projects\hm_machine\hm_machine\release\hm_machine.res
c:\users\eeltb01\documents\visual studio 2015\projects\hm_machine\hm_machine\release\hm_machine.tlog\cl.command.1.tlog
c:\users\eeltb01\documents\visual studio 2015\projects\hm_machine\hm_machine\release\hm_machine.tlog\cl.read.1.tlog
c:\users\eeltb01\documents\visual studio 2015\projects\hm_machine\hm_machine\release\hm_machine.tlog\cl.write.1.tlog
c:\users\eeltb01\documents\visual studio 2015\projects\hm_machine\hm_machine\release\hm_machine.tlog\link.command.1.tlog
c:\users\eeltb01\documents\visual studio 2015\projects\hm_machine\hm_machine\release\hm_machine.tlog\link.read.1.tlog
c:\users\eeltb01\documents\visual studio 2015\projects\hm_machine\hm_machine\release\hm_machine.tlog\link.write.1.tlog
c:\users\eeltb01\documents\visual studio 2015\projects\hm_machine\hm_machine\release\hm_machine.tlog\rc.command.1.tlog
c:\users\eeltb01\documents\visual studio 2015\projects\hm_machine\hm_machine\release\hm_machine.tlog\rc.read.1.tlog
c:\users\eeltb01\documents\visual studio 2015\projects\hm_machine\hm_machine\release\hm_machine.tlog\rc.write.1.tlog
